<?xml version="1.0" encoding="UTF-8"?>
<testng-results ignored="0" total="3" passed="2" failed="1" skipped="0">
  <reporter-output>
  </reporter-output>
  <suite started-at="2024-02-13T17:27:07 IST" name="Suite" finished-at="2024-02-13T17:27:16 IST" duration-ms="9339">
    <groups>
    </groups>
    <test started-at="2024-02-13T17:27:07 IST" name="Test" finished-at="2024-02-13T17:27:16 IST" duration-ms="9339">
      <class name="BlazeDemoFilghtTest">
        <test-method is-config="true" signature="setUp()[pri:0, instance:BlazeDemoFilghtTest@4c583ecf]" started-at="2024-02-13T17:27:07 IST" name="setUp" finished-at="2024-02-13T17:27:09 IST" duration-ms="1467" status="PASS">
          <reporter-output>
          </reporter-output>
        </test-method> <!-- setUp -->
        <test-method signature="testHomePageTitle()[pri:1, instance:BlazeDemoFilghtTest@4c583ecf]" started-at="2024-02-13T17:27:09 IST" name="testHomePageTitle" finished-at="2024-02-13T17:27:10 IST" duration-ms="1624" status="FAIL">
          <exception class="java.lang.AssertionError">
            <message>
              <![CDATA[Home Page title mismatch]]>
            </message>
            <full-stacktrace>
              <![CDATA[java.lang.AssertionError: Home Page title mismatch
at BlazeDemoFilghtTest.testHomePageTitle(BlazeDemoFilghtTest.java:40)
at java.base/jdk.internal.reflect.DirectMethodHandleAccessor.invoke(DirectMethodHandleAccessor.java:103)
at java.base/java.lang.reflect.Method.invoke(Method.java:580)
at org.testng.internal.invokers.MethodInvocationHelper.invokeMethod(MethodInvocationHelper.java:139)
at org.testng.internal.invokers.TestInvoker.invokeMethod(TestInvoker.java:664)
at org.testng.internal.invokers.TestInvoker.invokeTestMethod(TestInvoker.java:228)
at org.testng.internal.invokers.MethodRunner.runInSequence(MethodRunner.java:63)
at org.testng.internal.invokers.TestInvoker$MethodInvocationAgent.invoke(TestInvoker.java:961)
at org.testng.internal.invokers.TestInvoker.invokeTestMethods(TestInvoker.java:201)
at org.testng.internal.invokers.TestMethodWorker.invokeTestMethods(TestMethodWorker.java:148)
at org.testng.internal.invokers.TestMethodWorker.run(TestMethodWorker.java:128)
at java.base/java.util.ArrayList.forEach(ArrayList.java:1596)
at org.testng.TestRunner.privateRun(TestRunner.java:819)
at org.testng.TestRunner.run(TestRunner.java:619)
at org.testng.SuiteRunner.runTest(SuiteRunner.java:443)
at org.testng.SuiteRunner.runSequentially(SuiteRunner.java:437)
at org.testng.SuiteRunner.privateRun(SuiteRunner.java:397)
at org.testng.SuiteRunner.run(SuiteRunner.java:336)
at org.testng.SuiteRunnerWorker.runSuite(SuiteRunnerWorker.java:52)
at org.testng.SuiteRunnerWorker.run(SuiteRunnerWorker.java:95)
at org.testng.TestNG.runSuitesSequentially(TestNG.java:1301)
at org.testng.TestNG.runSuitesLocally(TestNG.java:1228)
at org.testng.TestNG.runSuites(TestNG.java:1134)
at org.testng.TestNG.run(TestNG.java:1101)
at org.testng.remote.AbstractRemoteTestNG.run(AbstractRemoteTestNG.java:115)
at org.testng.remote.RemoteTestNG.initAndRun(RemoteTestNG.java:251)
at org.testng.remote.RemoteTestNG.main(RemoteTestNG.java:77)
]]>
            </full-stacktrace>
          </exception> <!-- java.lang.AssertionError -->
          <reporter-output>
          </reporter-output>
        </test-method> <!-- testHomePageTitle -->
        <test-method is-config="true" signature="tearDownMethod(org.testng.ITestResult)[pri:0, instance:BlazeDemoFilghtTest@4c583ecf]" started-at="2024-02-13T17:27:10 IST" name="tearDownMethod" finished-at="2024-02-13T17:27:10 IST" duration-ms="288" status="PASS">
          <params>
            <param index="0">
              <value>
                <![CDATA[[TestResult name=testHomePageTitle status=FAILURE method=BlazeDemoFilghtTest.testHomePageTitle()[pri:1, instance:BlazeDemoFilghtTest@4c583ecf] output={null}]]]>
              </value>
            </param>
          </params>
          <reporter-output>
          </reporter-output>
        </test-method> <!-- tearDownMethod -->
        <test-method signature="testDestinationOfTheWeekLink()[pri:2, instance:BlazeDemoFilghtTest@4c583ecf]" started-at="2024-02-13T17:27:10 IST" name="testDestinationOfTheWeekLink" finished-at="2024-02-13T17:27:14 IST" duration-ms="3430" status="PASS">
          <reporter-output>
          </reporter-output>
        </test-method> <!-- testDestinationOfTheWeekLink -->
        <test-method is-config="true" signature="tearDownMethod(org.testng.ITestResult)[pri:0, instance:BlazeDemoFilghtTest@4c583ecf]" started-at="2024-02-13T17:27:14 IST" name="tearDownMethod" finished-at="2024-02-13T17:27:14 IST" duration-ms="210" status="PASS">
          <params>
            <param index="0">
              <value>
                <![CDATA[[TestResult name=testDestinationOfTheWeekLink status=SUCCESS method=BlazeDemoFilghtTest.testDestinationOfTheWeekLink()[pri:2, instance:BlazeDemoFilghtTest@4c583ecf] output={null}]]]>
              </value>
            </param>
          </params>
          <reporter-output>
          </reporter-output>
        </test-method> <!-- tearDownMethod -->
        <test-method signature="testFlightBooking(java.lang.String,java.lang.String)[pri:3, instance:BlazeDemoFilghtTest@4c583ecf]" started-at="2024-02-13T17:27:14 IST" name="testFlightBooking" data-provider="flightData" finished-at="2024-02-13T17:27:16 IST" duration-ms="1871" status="PASS">
          <params>
            <param index="0">
              <value>
                <![CDATA[Mexico City]]>
              </value>
            </param>
            <param index="1">
              <value>
                <![CDATA[London]]>
              </value>
            </param>
          </params>
          <reporter-output>
          </reporter-output>
        </test-method> <!-- testFlightBooking -->
        <test-method is-config="true" signature="tearDownMethod(org.testng.ITestResult)[pri:0, instance:BlazeDemoFilghtTest@4c583ecf]" started-at="2024-02-13T17:27:16 IST" name="tearDownMethod" finished-at="2024-02-13T17:27:16 IST" duration-ms="235" status="PASS">
          <params>
            <param index="0">
              <value>
                <![CDATA[[TestResult name=testFlightBooking status=SUCCESS method=BlazeDemoFilghtTest.testFlightBooking(java.lang.String,java.lang.String)[pri:3, instance:BlazeDemoFilghtTest@4c583ecf] output={null}]]]>
              </value>
            </param>
          </params>
          <reporter-output>
          </reporter-output>
        </test-method> <!-- tearDownMethod -->
        <test-method is-config="true" signature="tearDown()[pri:0, instance:BlazeDemoFilghtTest@4c583ecf]" started-at="2024-02-13T17:27:16 IST" name="tearDown" finished-at="2024-02-13T17:27:16 IST" duration-ms="173" status="PASS">
          <reporter-output>
          </reporter-output>
        </test-method> <!-- tearDown -->
      </class> <!-- BlazeDemoFilghtTest -->
    </test> <!-- Test -->
  </suite> <!-- Suite -->
</testng-results>
